#
# There is insufficient memory for the Java Runtime Environment to continue.
# Native memory allocation (malloc) failed to allocate 2221312 bytes. Error detail: Chunk::new
# Possible reasons:
#   The system is out of physical RAM or swap space
#   This process is running with CompressedOops enabled, and the Java Heap may be blocking the growth of the native heap
# Possible solutions:
#   Reduce memory load on the system
#   Increase physical memory or swap space
#   Check if swap backing store is full
#   Decrease Java heap size (-Xmx/-Xms)
#   Decrease number of Java threads
#   Decrease Java thread stack sizes (-Xss)
#   Set larger code cache with -XX:ReservedCodeCacheSize=
#   JVM is running with Unscaled Compressed Oops mode in which the Java heap is
#     placed in the first 4GB address space. The Java Heap base address is the
#     maximum limit for the native heap growth. Please use -XX:HeapBaseMinAddress
#     to set the Java Heap base and to place the Java Heap above 4GB virtual address.
# This output file may be truncated or incomplete.
#
#  Out of Memory Error (arena.cpp:191), pid=21496, tid=18700
#
# JRE version: OpenJDK Runtime Environment JBR-17.0.12+1-1207.37-nomod (17.0.12+1) (build 17.0.12+1-b1207.37)
# Java VM: OpenJDK 64-Bit Server VM JBR-17.0.12+1-1207.37-nomod (17.0.12+1-b1207.37, mixed mode, sharing, tiered, compressed oops, compressed class ptrs, g1 gc, windows-amd64)
# No core dump will be written. Minidumps are not enabled by default on client versions of Windows
#

---------------  S U M M A R Y ------------

Command Line: -Dmaven.multiModuleProjectDirectory=C:\Users\dell\OneDrive\Bureau\gradaway -Djansi.passthrough=true -Dmaven.home=C:\Users\dell\AppData\Local\JetBrains\IntelliJ IDEA 2024.3.2\plugins\maven\lib\maven3 -Dclassworlds.conf=C:\Users\dell\AppData\Local\JetBrains\IntelliJ IDEA 2024.3.2\plugins\maven\lib\maven3\bin\m2.conf -Dmaven.ext.class.path=C:\Users\dell\AppData\Local\JetBrains\IntelliJ IDEA 2024.3.2\plugins\maven\lib\maven-event-listener.jar -javaagent:C:\Users\dell\AppData\Local\JetBrains\IntelliJ IDEA 2024.3.2\lib\idea_rt.jar=49250:C:\Users\dell\AppData\Local\JetBrains\IntelliJ IDEA 2024.3.2\bin -Dfile.encoding=UTF-8 org.codehaus.classworlds.Launcher -Didea.version=2024.3.2 javafx:run

Host: Intel(R) Core(TM) i5-8250U CPU @ 1.60GHz, 8 cores, 7G,  Windows 11 , 64 bit Build 22621 (10.0.22621.5124)
Time: Tue May 13 01:39:23 2025 Paris, Madrid elapsed time: 10.209973 seconds (0d 0h 0m 10s)

---------------  T H R E A D  ---------------

Current thread (0x000001f2c35546c0):  JavaThread "C2 CompilerThread0" daemon [_thread_in_native, id=18700, stack(0x0000000101300000,0x0000000101400000)]


Current CompileTask:
C2:  10210 4637   !   4       com.google.inject.spi.InjectionPoint::getInjectionPoints (491 bytes)

Stack: [0x0000000101300000,0x0000000101400000]
Native frames: (J=compiled Java code, j=interpreted, Vv=VM code, C=native code)
V  [jvm.dll+0x689d89]  os::platform_print_native_stack+0xd9  (os_windows_x86.cpp:235)
V  [jvm.dll+0x84386a]  VMError::report+0xc6a  (vmError.cpp:868)
V  [jvm.dll+0x8454ee]  VMError::report_and_die+0x78e  (vmError.cpp:1766)
V  [jvm.dll+0x845b53]  VMError::report_and_die+0x43  (vmError.cpp:1552)
V  [jvm.dll+0x24a56f]  report_vm_out_of_memory+0x8f  (debug.cpp:321)
V  [jvm.dll+0xac9e4]  Chunk::operator new+0xb4  (arena.cpp:191)
V  [jvm.dll+0xad02c]  Arena::grow+0x3c  (arena.cpp:352)
V  [jvm.dll+0x36a6f7]  PhaseIFG::init+0xf7  (ifg.cpp:52)
V  [jvm.dll+0x334b8a]  PhaseCFG::global_code_motion+0x44a  (gcm.cpp:1577)
V  [jvm.dll+0x33402a]  PhaseCFG::do_global_code_motion+0x3a  (gcm.cpp:1644)
V  [jvm.dll+0x21bfb1]  Compile::Code_Gen+0x261  (compile.cpp:2738)
V  [jvm.dll+0x21b3f1]  Compile::Compile+0xe61  (compile.cpp:836)
V  [jvm.dll+0x1a68ed]  C2Compiler::compile_method+0xad  (c2compiler.cpp:112)
V  [jvm.dll+0x22b2de]  CompileBroker::invoke_compiler_on_method+0x82e  (compileBroker.cpp:2366)
V  [jvm.dll+0x229445]  CompileBroker::compiler_thread_loop+0x405  (compileBroker.cpp:2027)
V  [jvm.dll+0x7f7917]  JavaThread::run+0x147  (thread.cpp:1299)
V  [jvm.dll+0x7f1cec]  Thread::call_run+0x8c  (thread.cpp:405)
V  [jvm.dll+0x688be7]  thread_native_entry+0x77  (os_windows.cpp:550)
C  [ucrtbase.dll+0x29333]
C  [KERNEL32.DLL+0x1259d]
C  [ntdll.dll+0x5af38]


---------------  P R O C E S S  ---------------

Threads class SMR info:
_java_thread_list=0x000001f30a9b81c0, length=16, elements={
0x000001f2a95367b0, 0x000001f2c352bcc0, 0x000001f2c352ca50, 0x000001f2c3540970,
0x000001f2c3543350, 0x000001f2c3543c20, 0x000001f2c3548500, 0x000001f2c35546c0,
0x000001f2c3555080, 0x000001f2c35599b0, 0x000001f2c3515520, 0x000001f2c3915170,
0x000001f2c39783d0, 0x000001f309d0e400, 0x000001f30a5ddf00, 0x000001f30a81da80
}

Java Threads: ( => current thread )
  0x000001f2a95367b0 JavaThread "main" [_thread_blocked, id=22472, stack(0x0000000100600000,0x0000000100700000)]
  0x000001f2c352bcc0 JavaThread "Reference Handler" daemon [_thread_blocked, id=21868, stack(0x0000000100d00000,0x0000000100e00000)]
  0x000001f2c352ca50 JavaThread "Finalizer" daemon [_thread_blocked, id=21712, stack(0x0000000100e00000,0x0000000100f00000)]
  0x000001f2c3540970 JavaThread "Signal Dispatcher" daemon [_thread_blocked, id=14356, stack(0x0000000100f00000,0x0000000101000000)]
  0x000001f2c3543350 JavaThread "Attach Listener" daemon [_thread_blocked, id=13700, stack(0x0000000101000000,0x0000000101100000)]
  0x000001f2c3543c20 JavaThread "Service Thread" daemon [_thread_blocked, id=22216, stack(0x0000000101100000,0x0000000101200000)]
  0x000001f2c3548500 JavaThread "Monitor Deflation Thread" daemon [_thread_blocked, id=22512, stack(0x0000000101200000,0x0000000101300000)]
=>0x000001f2c35546c0 JavaThread "C2 CompilerThread0" daemon [_thread_in_native, id=18700, stack(0x0000000101300000,0x0000000101400000)]
  0x000001f2c3555080 JavaThread "C1 CompilerThread0" daemon [_thread_blocked, id=19596, stack(0x0000000101400000,0x0000000101500000)]
  0x000001f2c35599b0 JavaThread "Sweeper thread" daemon [_thread_blocked, id=19196, stack(0x0000000101500000,0x0000000101600000)]
  0x000001f2c3515520 JavaThread "Common-Cleaner" daemon [_thread_blocked, id=17316, stack(0x0000000101600000,0x0000000101700000)]
  0x000001f2c3915170 JavaThread "Monitor Ctrl-Break" daemon [_thread_in_native, id=15052, stack(0x0000000101700000,0x0000000101800000)]
  0x000001f2c39783d0 JavaThread "Notification Thread" daemon [_thread_blocked, id=19940, stack(0x0000000101800000,0x0000000101900000)]
  0x000001f309d0e400 JavaThread "Thread-1" daemon [_thread_blocked, id=21756, stack(0x0000000102200000,0x0000000102300000)]
  0x000001f30a5ddf00 JavaThread "C2 CompilerThread1" daemon [_thread_blocked, id=18736, stack(0x0000000102100000,0x0000000102200000)]
  0x000001f30a81da80 JavaThread "C2 CompilerThread2" daemon [_thread_blocked, id=21616, stack(0x0000000102300000,0x0000000102400000)]

Other Threads:
  0x000001f2c35271a0 VMThread "VM Thread" [stack: 0x0000000100c00000,0x0000000100d00000] [id=8696]
  0x000001f2c391ae00 WatcherThread [stack: 0x0000000101900000,0x0000000101a00000] [id=22316]
  0x000001f2a9592940 GCTaskThread "GC Thread#0" [stack: 0x0000000100700000,0x0000000100800000] [id=21744]
  0x000001f2c39da7c0 GCTaskThread "GC Thread#1" [stack: 0x0000000101b00000,0x0000000101c00000] [id=21236]
  0x000001f30963a280 GCTaskThread "GC Thread#2" [stack: 0x0000000101c00000,0x0000000101d00000] [id=17732]
  0x000001f3093076b0 GCTaskThread "GC Thread#3" [stack: 0x0000000101d00000,0x0000000101e00000] [id=18744]
  0x000001f3099927c0 GCTaskThread "GC Thread#4" [stack: 0x0000000101e00000,0x0000000101f00000] [id=21880]
  0x000001f309992a80 GCTaskThread "GC Thread#5" [stack: 0x0000000101f00000,0x0000000102000000] [id=21964]
  0x000001f30984d8f0 GCTaskThread "GC Thread#6" [stack: 0x0000000102000000,0x0000000102100000] [id=21768]
  0x000001f3093a4120 GCTaskThread "GC Thread#7" [stack: 0x0000000101a00000,0x0000000101b00000] [id=22096]
  0x000001f2a95a33a0 ConcurrentGCThread "G1 Main Marker" [stack: 0x0000000100800000,0x0000000100900000] [id=16280]
  0x000001f2a95a3cd0 ConcurrentGCThread "G1 Conc#0" [stack: 0x0000000100900000,0x0000000100a00000] [id=15828]
  0x000001f30b403fd0 ConcurrentGCThread "G1 Conc#1" [stack: 0x0000000102500000,0x0000000102600000] [id=20888]
  0x000001f2a95ed870 ConcurrentGCThread "G1 Refine#0" [stack: 0x0000000100a00000,0x0000000100b00000] [id=17772]
  0x000001f30b050aa0 ConcurrentGCThread "G1 Refine#1" [stack: 0x0000000102400000,0x0000000102500000] [id=22236]
  0x000001f2a95ee1b0 ConcurrentGCThread "G1 Service" [stack: 0x0000000100b00000,0x0000000100c00000] [id=21248]

Threads with active compile tasks:
C2 CompilerThread0    11263 4637   !   4       com.google.inject.spi.InjectionPoint::getInjectionPoints (491 bytes)

VM state: not at safepoint (normal execution)

VM Mutex/Monitor currently owned by a thread: None

Heap address: 0x0000000082000000, size: 2016 MB, Compressed Oops mode: 32-bit

CDS archive(s) mapped at: [0x000001f2c4000000-0x000001f2c4c00000-0x000001f2c4c00000), size 12582912, SharedBaseAddress: 0x000001f2c4000000, ArchiveRelocationMode: 1.
Compressed class space mapped at: 0x000001f2c5000000-0x000001f305000000, reserved size: 1073741824
Narrow klass base: 0x000001f2c4000000, Narrow klass shift: 0, Narrow klass range: 0x100000000

GC Precious Log:
 CPUs: 8 total, 8 available
 Memory: 8057M
 Large Page Support: Disabled
 NUMA Support: Disabled
 Compressed Oops: Enabled (32-bit)
 Heap Region Size: 1M
 Heap Min Capacity: 8M
 Heap Initial Capacity: 126M
 Heap Max Capacity: 2016M
 Pre-touch: Disabled
 Parallel Workers: 8
 Concurrent Workers: 2
 Concurrent Refinement Workers: 8
 Periodic GC: Disabled

Heap:
 garbage-first heap   total 78848K, used 32635K [0x0000000082000000, 0x0000000100000000)
  region size 1024K, 11 young (11264K), 2 survivors (2048K)
 Metaspace       used 22013K, committed 22272K, reserved 1114112K
  class space    used 2646K, committed 2752K, reserved 1048576K

Heap Regions: E=young(eden), S=young(survivor), O=old, HS=humongous(starts), HC=humongous(continues), CS=collection set, F=free, OA=open archive, CA=closed archive, TAMS=top-at-mark-start (previous, next)
|   0|0x0000000082000000, 0x0000000082100000, 0x0000000082100000|100%| O|  |TAMS 0x0000000082100000, 0x0000000082000000| Untracked 
|   1|0x0000000082100000, 0x0000000082200000, 0x0000000082200000|100%| O|  |TAMS 0x0000000082200000, 0x0000000082100000| Untracked 
|   2|0x0000000082200000, 0x0000000082300000, 0x0000000082300000|100%| O|  |TAMS 0x0000000082300000, 0x0000000082200000| Untracked 
|   3|0x0000000082300000, 0x0000000082400000, 0x0000000082400000|100%| O|  |TAMS 0x0000000082400000, 0x0000000082300000| Untracked 
|   4|0x0000000082400000, 0x0000000082500000, 0x0000000082500000|100%| O|  |TAMS 0x0000000082400000, 0x0000000082400000| Untracked 
|   5|0x0000000082500000, 0x0000000082600000, 0x0000000082600000|100%|HS|  |TAMS 0x0000000082600000, 0x0000000082500000| Complete 
|   6|0x0000000082600000, 0x0000000082700000, 0x0000000082700000|100%| O|  |TAMS 0x0000000082600000, 0x0000000082600000| Untracked 
|   7|0x0000000082700000, 0x0000000082800000, 0x0000000082800000|100%|HS|  |TAMS 0x0000000082800000, 0x0000000082700000| Complete 
|   8|0x0000000082800000, 0x0000000082900000, 0x0000000082900000|100%|HS|  |TAMS 0x0000000082900000, 0x0000000082800000| Complete 
|   9|0x0000000082900000, 0x0000000082a00000, 0x0000000082a00000|100%| O|  |TAMS 0x0000000082a00000, 0x0000000082900000| Untracked 
|  10|0x0000000082a00000, 0x0000000082b00000, 0x0000000082b00000|100%| O|  |TAMS 0x0000000082b00000, 0x0000000082a00000| Untracked 
|  11|0x0000000082b00000, 0x0000000082c00000, 0x0000000082c00000|100%| O|  |TAMS 0x0000000082b9ce00, 0x0000000082b00000| Untracked 
|  12|0x0000000082c00000, 0x0000000082d00000, 0x0000000082d00000|100%| O|  |TAMS 0x0000000082c00000, 0x0000000082c00000| Untracked 
|  13|0x0000000082d00000, 0x0000000082e00000, 0x0000000082e00000|100%| O|  |TAMS 0x0000000082d00000, 0x0000000082d00000| Untracked 
|  14|0x0000000082e00000, 0x0000000082f00000, 0x0000000082f00000|100%| O|  |TAMS 0x0000000082e00000, 0x0000000082e00000| Untracked 
|  15|0x0000000082f00000, 0x0000000083000000, 0x0000000083000000|100%| O|  |TAMS 0x0000000082f00000, 0x0000000082f00000| Untracked 
|  16|0x0000000083000000, 0x0000000083100000, 0x0000000083100000|100%| O|  |TAMS 0x0000000083000000, 0x0000000083000000| Untracked 
|  17|0x0000000083100000, 0x0000000083200000, 0x0000000083200000|100%| O|  |TAMS 0x0000000083100000, 0x0000000083100000| Untracked 
|  18|0x0000000083200000, 0x0000000083300000, 0x0000000083300000|100%| O|  |TAMS 0x0000000083200000, 0x0000000083200000| Untracked 
|  19|0x0000000083300000, 0x00000000833dec00, 0x0000000083400000| 87%| O|  |TAMS 0x0000000083300000, 0x0000000083300000| Untracked 
|  20|0x0000000083400000, 0x0000000083500000, 0x0000000083500000|100%|HS|  |TAMS 0x0000000083400000, 0x0000000083400000| Complete 
|  21|0x0000000083500000, 0x0000000083600000, 0x0000000083600000|100%|HS|  |TAMS 0x0000000083500000, 0x0000000083500000| Complete 
|  22|0x0000000083600000, 0x0000000083600000, 0x0000000083700000|  0%| F|  |TAMS 0x0000000083600000, 0x0000000083600000| Untracked 
|  23|0x0000000083700000, 0x0000000083700000, 0x0000000083800000|  0%| F|  |TAMS 0x0000000083700000, 0x0000000083700000| Untracked 
|  24|0x0000000083800000, 0x0000000083800000, 0x0000000083900000|  0%| F|  |TAMS 0x0000000083800000, 0x0000000083800000| Untracked 
|  25|0x0000000083900000, 0x0000000083900000, 0x0000000083a00000|  0%| F|  |TAMS 0x0000000083900000, 0x0000000083900000| Untracked 
|  26|0x0000000083a00000, 0x0000000083a00000, 0x0000000083b00000|  0%| F|  |TAMS 0x0000000083a00000, 0x0000000083a00000| Untracked 
|  27|0x0000000083b00000, 0x0000000083b00000, 0x0000000083c00000|  0%| F|  |TAMS 0x0000000083b00000, 0x0000000083b00000| Untracked 
|  28|0x0000000083c00000, 0x0000000083c00000, 0x0000000083d00000|  0%| F|  |TAMS 0x0000000083c00000, 0x0000000083c00000| Untracked 
|  29|0x0000000083d00000, 0x0000000083d00000, 0x0000000083e00000|  0%| F|  |TAMS 0x0000000083d00000, 0x0000000083d00000| Untracked 
|  30|0x0000000083e00000, 0x0000000083e00000, 0x0000000083f00000|  0%| F|  |TAMS 0x0000000083e00000, 0x0000000083e00000| Untracked 
|  31|0x0000000083f00000, 0x0000000083f00000, 0x0000000084000000|  0%| F|  |TAMS 0x0000000083f00000, 0x0000000083f00000| Untracked 
|  32|0x0000000084000000, 0x0000000084000000, 0x0000000084100000|  0%| F|  |TAMS 0x0000000084000000, 0x0000000084000000| Untracked 
|  33|0x0000000084100000, 0x0000000084100000, 0x0000000084200000|  0%| F|  |TAMS 0x0000000084100000, 0x0000000084100000| Untracked 
|  34|0x0000000084200000, 0x0000000084200000, 0x0000000084300000|  0%| F|  |TAMS 0x0000000084200000, 0x0000000084200000| Untracked 
|  35|0x0000000084300000, 0x0000000084300000, 0x0000000084400000|  0%| F|  |TAMS 0x0000000084300000, 0x0000000084300000| Untracked 
|  36|0x0000000084400000, 0x0000000084400000, 0x0000000084500000|  0%| F|  |TAMS 0x0000000084400000, 0x0000000084400000| Untracked 
|  37|0x0000000084500000, 0x0000000084500000, 0x0000000084600000|  0%| F|  |TAMS 0x0000000084500000, 0x0000000084500000| Untracked 
|  38|0x0000000084600000, 0x0000000084600000, 0x0000000084700000|  0%| F|  |TAMS 0x0000000084600000, 0x0000000084600000| Untracked 
|  39|0x0000000084700000, 0x0000000084700000, 0x0000000084800000|  0%| F|  |TAMS 0x0000000084700000, 0x0000000084700000| Untracked 
|  40|0x0000000084800000, 0x0000000084800000, 0x0000000084900000|  0%| F|  |TAMS 0x0000000084800000, 0x0000000084800000| Untracked 
|  41|0x0000000084900000, 0x0000000084900000, 0x0000000084a00000|  0%| F|  |TAMS 0x0000000084900000, 0x0000000084900000| Untracked 
|  42|0x0000000084a00000, 0x0000000084a00000, 0x0000000084b00000|  0%| F|  |TAMS 0x0000000084a00000, 0x0000000084a00000| Untracked 
|  43|0x0000000084b00000, 0x0000000084b00000, 0x0000000084c00000|  0%| F|  |TAMS 0x0000000084b00000, 0x0000000084b00000| Untracked 
|  44|0x0000000084c00000, 0x0000000084c00000, 0x0000000084d00000|  0%| F|  |TAMS 0x0000000084c00000, 0x0000000084c00000| Untracked 
|  45|0x0000000084d00000, 0x0000000084d00000, 0x0000000084e00000|  0%| F|  |TAMS 0x0000000084d00000, 0x0000000084d00000| Untracked 
|  46|0x0000000084e00000, 0x0000000084e00000, 0x0000000084f00000|  0%| F|  |TAMS 0x0000000084e00000, 0x0000000084e00000| Untracked 
|  47|0x0000000084f00000, 0x0000000084f00000, 0x0000000085000000|  0%| F|  |TAMS 0x0000000084f00000, 0x0000000084f00000| Untracked 
|  48|0x0000000085000000, 0x0000000085000000, 0x0000000085100000|  0%| F|  |TAMS 0x0000000085000000, 0x0000000085000000| Untracked 
|  49|0x0000000085100000, 0x0000000085100000, 0x0000000085200000|  0%| F|  |TAMS 0x0000000085100000, 0x0000000085100000| Untracked 
|  50|0x0000000085200000, 0x0000000085200000, 0x0000000085300000|  0%| F|  |TAMS 0x0000000085200000, 0x0000000085200000| Untracked 
|  51|0x0000000085300000, 0x0000000085300000, 0x0000000085400000|  0%| F|  |TAMS 0x0000000085300000, 0x0000000085300000| Untracked 
|  52|0x0000000085400000, 0x0000000085400000, 0x0000000085500000|  0%| F|  |TAMS 0x0000000085400000, 0x0000000085400000| Untracked 
|  53|0x0000000085500000, 0x0000000085500000, 0x0000000085600000|  0%| F|  |TAMS 0x0000000085500000, 0x0000000085500000| Untracked 
|  54|0x0000000085600000, 0x0000000085600000, 0x0000000085700000|  0%| F|  |TAMS 0x0000000085600000, 0x0000000085600000| Untracked 
|  55|0x0000000085700000, 0x0000000085700000, 0x0000000085800000|  0%| F|  |TAMS 0x0000000085700000, 0x0000000085700000| Untracked 
|  56|0x0000000085800000, 0x0000000085800000, 0x0000000085900000|  0%| F|  |TAMS 0x0000000085800000, 0x0000000085800000| Untracked 
|  57|0x0000000085900000, 0x0000000085900000, 0x0000000085a00000|  0%| F|  |TAMS 0x0000000085900000, 0x0000000085900000| Untracked 
|  58|0x0000000085a00000, 0x0000000085a00000, 0x0000000085b00000|  0%| F|  |TAMS 0x0000000085a00000, 0x0000000085a00000| Untracked 
|  59|0x0000000085b00000, 0x0000000085b00000, 0x0000000085c00000|  0%| F|  |TAMS 0x0000000085b00000, 0x0000000085b00000| Untracked 
|  60|0x0000000085c00000, 0x0000000085c00000, 0x0000000085d00000|  0%| F|  |TAMS 0x0000000085c00000, 0x0000000085c00000| Untracked 
|  61|0x0000000085d00000, 0x0000000085d00000, 0x0000000085e00000|  0%| F|  |TAMS 0x0000000085d00000, 0x0000000085d00000| Untracked 
|  62|0x0000000085e00000, 0x0000000085e00000, 0x0000000085f00000|  0%| F|  |TAMS 0x0000000085e00000, 0x0000000085e00000| Untracked 
|  63|0x0000000085f00000, 0x0000000085f00000, 0x0000000086000000|  0%| F|  |TAMS 0x0000000085f00000, 0x0000000085f00000| Untracked 
|  64|0x0000000086000000, 0x0000000086000000, 0x0000000086100000|  0%| F|  |TAMS 0x0000000086000000, 0x0000000086000000| Untracked 
|  65|0x0000000086100000, 0x0000000086100000, 0x0000000086200000|  0%| F|  |TAMS 0x0000000086100000, 0x0000000086100000| Untracked 
|  66|0x0000000086200000, 0x0000000086300000, 0x0000000086300000|100%| E|  |TAMS 0x0000000086200000, 0x0000000086200000| Complete 
|  67|0x0000000086300000, 0x0000000086400000, 0x0000000086400000|100%| E|CS|TAMS 0x0000000086300000, 0x0000000086300000| Complete 
|  68|0x0000000086400000, 0x0000000086500000, 0x0000000086500000|100%| E|CS|TAMS 0x0000000086400000, 0x0000000086400000| Complete 
|  69|0x0000000086500000, 0x0000000086600000, 0x0000000086600000|100%| E|CS|TAMS 0x0000000086500000, 0x0000000086500000| Complete 
|  70|0x0000000086600000, 0x0000000086700000, 0x0000000086700000|100%| E|CS|TAMS 0x0000000086600000, 0x0000000086600000| Complete 
|  71|0x0000000086700000, 0x0000000086800000, 0x0000000086800000|100%| E|CS|TAMS 0x0000000086700000, 0x0000000086700000| Complete 
|  72|0x0000000086800000, 0x0000000086900000, 0x0000000086900000|100%| E|CS|TAMS 0x0000000086800000, 0x0000000086800000| Complete 
|  73|0x0000000086900000, 0x0000000086a00000, 0x0000000086a00000|100%| E|CS|TAMS 0x0000000086900000, 0x0000000086900000| Complete 
| 122|0x0000000089a00000, 0x0000000089b00000, 0x0000000089b00000|100%| S|CS|TAMS 0x0000000089a00000, 0x0000000089a00000| Complete 
| 123|0x0000000089b00000, 0x0000000089c00000, 0x0000000089c00000|100%| S|CS|TAMS 0x0000000089b00000, 0x0000000089b00000| Complete 
| 125|0x0000000089d00000, 0x0000000089e00000, 0x0000000089e00000|100%| E|CS|TAMS 0x0000000089d00000, 0x0000000089d00000| Complete 

Card table byte_map: [0x000001f2bc430000,0x000001f2bc820000] _byte_map_base: 0x000001f2bc020000

Marking Bits (Prev, Next): (CMBitMap*) 0x000001f2a9592eb0, (CMBitMap*) 0x000001f2a9592e70
 Prev Bits: [0x000001f2beb90000, 0x000001f2c0b10000)
 Next Bits: [0x000001f2bcc10000, 0x000001f2beb90000)

Polling page: 0x000001f2a7510000

Metaspace:

Usage:
  Non-class:     18.91 MB used.
      Class:      2.58 MB used.
       Both:     21.50 MB used.

Virtual space:
  Non-class space:       64.00 MB reserved,      19.06 MB ( 30%) committed,  1 nodes.
      Class space:        1.00 GB reserved,       2.69 MB ( <1%) committed,  1 nodes.
             Both:        1.06 GB reserved,      21.75 MB (  2%) committed. 

Chunk freelists:
   Non-Class:  12.93 MB
       Class:  13.20 MB
        Both:  26.13 MB

MaxMetaspaceSize: unlimited
CompressedClassSpaceSize: 1.00 GB
Initial GC threshold: 21.00 MB
Current GC threshold: 35.31 MB
CDS: on
MetaspaceReclaimPolicy: balanced
 - commit_granule_bytes: 65536.
 - commit_granule_words: 8192.
 - virtual_space_node_default_size: 8388608.
 - enlarge_chunks_in_place: 1.
 - new_chunks_are_fully_committed: 0.
 - uncommit_free_chunks: 1.
 - use_allocation_guard: 0.
 - handle_deallocations: 1.


Internal statistics:

num_allocs_failed_limit: 3.
num_arena_births: 146.
num_arena_deaths: 0.
num_vsnodes_births: 2.
num_vsnodes_deaths: 0.
num_space_committed: 348.
num_space_uncommitted: 0.
num_chunks_returned_to_freelist: 3.
num_chunks_taken_from_freelist: 907.
num_chunk_merges: 0.
num_chunk_splits: 581.
num_chunks_enlarged: 436.
num_inconsistent_stats: 0.

CodeHeap 'non-profiled nmethods': size=120000Kb used=2754Kb max_used=2754Kb free=117245Kb
 bounds [0x000001f2b47e0000, 0x000001f2b4aa0000, 0x000001f2bbd10000]
CodeHeap 'profiled nmethods': size=120000Kb used=10778Kb max_used=10778Kb free=109221Kb
 bounds [0x000001f2acd10000, 0x000001f2ad7a0000, 0x000001f2b4240000]
CodeHeap 'non-nmethods': size=5760Kb used=1199Kb max_used=1259Kb free=4560Kb
 bounds [0x000001f2b4240000, 0x000001f2b44b0000, 0x000001f2b47e0000]
 total_blobs=5530 nmethods=5033 adapters=409
 compilation: enabled
              stopped_count=0, restarted_count=0
 full_count=0

Compilation events (20 events):
Event: 10.158 Thread 0x000001f2c3555080 nmethod 4795 0x000001f2ad711c10 code [0x000001f2ad711de0, 0x000001f2ad712298]
Event: 10.160 Thread 0x000001f30a81da80 nmethod 4787 0x000001f2b4a55910 code [0x000001f2b4a55aa0, 0x000001f2b4a55d38]
Event: 10.160 Thread 0x000001f30a81da80 4796 %     4       sun.security.util.ManifestDigester::findSection @ 27 (181 bytes)
Event: 10.163 Thread 0x000001f30a81da80 nmethod 4796% 0x000001f2b4a55f10 code [0x000001f2b4a560a0, 0x000001f2b4a56418]
Event: 10.163 Thread 0x000001f30a81da80 4781   !   4       java.util.jar.Attributes::read (494 bytes)
Event: 10.176 Thread 0x000001f2c3555080 4798       3       sun.security.util.ObjectIdentifier::checkOidSize (86 bytes)
Event: 10.177 Thread 0x000001f2c3555080 nmethod 4798 0x000001f2ad712410 code [0x000001f2ad712720, 0x000001f2ad7134a8]
Event: 10.189 Thread 0x000001f2c3555080 4800       3       sun.security.util.ObjectIdentifier::pack7Oid (84 bytes)
Event: 10.189 Thread 0x000001f2c3555080 nmethod 4800 0x000001f2ad713990 code [0x000001f2ad713b60, 0x000001f2ad713eb8]
Event: 10.189 Thread 0x000001f2c3555080 4799       3       sun.security.util.ObjectIdentifier::pack7Oid (42 bytes)
Event: 10.190 Thread 0x000001f2c3555080 nmethod 4799 0x000001f2ad714090 code [0x000001f2ad714240, 0x000001f2ad714448]
Event: 10.194 Thread 0x000001f2c3555080 4801       2       java.io.ByteArrayOutputStream::<init> (7 bytes)
Event: 10.194 Thread 0x000001f2c3555080 nmethod 4801 0x000001f2ad714510 code [0x000001f2ad7146a0, 0x000001f2ad7147c8]
Event: 10.197 Thread 0x000001f30a5ddf00 nmethod 4618 0x000001f2b4a56690 code [0x000001f2b4a56e20, 0x000001f2b4a5f588]
Event: 10.197 Thread 0x000001f30a5ddf00 4797       4       sun.security.util.ManifestDigester::findSection (181 bytes)
Event: 10.200 Thread 0x000001f30a5ddf00 nmethod 4797 0x000001f2b4a64c10 code [0x000001f2b4a64da0, 0x000001f2b4a65098]
Event: 10.200 Thread 0x000001f30a5ddf00 4702       4       java.lang.Character::isJavaIdentifierPart (9 bytes)
Event: 10.200 Thread 0x000001f30a5ddf00 nmethod 4702 0x000001f2b4a65290 code [0x000001f2b4a65420, 0x000001f2b4a65518]
Event: 10.200 Thread 0x000001f30a5ddf00 4780       4       java.util.jar.Manifest$FastInputStream::readLine (9 bytes)
Event: 10.202 Thread 0x000001f2c3555080 4802       3       sun.security.util.ObjectIdentifier::checkOtherComponent (41 bytes)

GC Heap History (6 events):
Event: 5.114 GC heap before
{Heap before GC invocations=0 (full 0):
 garbage-first heap   total 129024K, used 23552K [0x0000000082000000, 0x0000000100000000)
  region size 1024K, 23 young (23552K), 0 survivors (0K)
 Metaspace       used 6002K, committed 6208K, reserved 1114112K
  class space    used 741K, committed 832K, reserved 1048576K
}
Event: 5.126 GC heap after
{Heap after GC invocations=1 (full 0):
 garbage-first heap   total 129024K, used 3711K [0x0000000082000000, 0x0000000100000000)
  region size 1024K, 3 young (3072K), 3 survivors (3072K)
 Metaspace       used 6002K, committed 6208K, reserved 1114112K
  class space    used 741K, committed 832K, reserved 1048576K
}
Event: 6.005 GC heap before
{Heap before GC invocations=1 (full 0):
 garbage-first heap   total 129024K, used 34431K [0x0000000082000000, 0x0000000100000000)
  region size 1024K, 33 young (33792K), 3 survivors (3072K)
 Metaspace       used 9775K, committed 9920K, reserved 1114112K
  class space    used 1220K, committed 1280K, reserved 1048576K
}
Event: 6.012 GC heap after
{Heap after GC invocations=2 (full 0):
 garbage-first heap   total 129024K, used 5512K [0x0000000082000000, 0x0000000100000000)
  region size 1024K, 2 young (2048K), 2 survivors (2048K)
 Metaspace       used 9775K, committed 9920K, reserved 1114112K
  class space    used 1220K, committed 1280K, reserved 1048576K
}
Event: 8.819 GC heap before
{Heap before GC invocations=2 (full 0):
 garbage-first heap   total 129024K, used 80264K [0x0000000082000000, 0x0000000100000000)
  region size 1024K, 75 young (76800K), 2 survivors (2048K)
 Metaspace       used 17548K, committed 17792K, reserved 1114112K
  class space    used 2168K, committed 2304K, reserved 1048576K
}
Event: 8.830 GC heap after
{Heap after GC invocations=3 (full 0):
 garbage-first heap   total 129024K, used 10384K [0x0000000082000000, 0x0000000100000000)
  region size 1024K, 7 young (7168K), 7 survivors (7168K)
 Metaspace       used 17548K, committed 17792K, reserved 1114112K
  class space    used 2168K, committed 2304K, reserved 1048576K
}

Dll operation events (4 events):
Event: 0.018 Loaded shared library C:\Users\dell\.jdks\jbr-17.0.12\bin\java.dll
Event: 0.052 Loaded shared library C:\Users\dell\.jdks\jbr-17.0.12\bin\jsvml.dll
Event: 0.169 Loaded shared library C:\Users\dell\.jdks\jbr-17.0.12\bin\zip.dll
Event: 4.335 Loaded shared library C:\Users\dell\.jdks\jbr-17.0.12\bin\verify.dll

Deoptimization events (20 events):
Event: 10.166 Thread 0x000001f2a95367b0 DEOPT PACKING pc=0x000001f2ad70f880 sp=0x00000001006fd5f0
Event: 10.166 Thread 0x000001f2a95367b0 DEOPT UNPACKING pc=0x000001f2b4297143 sp=0x00000001006fca60 mode 0
Event: 10.167 Thread 0x000001f2a95367b0 DEOPT PACKING pc=0x000001f2ad70f880 sp=0x00000001006fd5f0
Event: 10.167 Thread 0x000001f2a95367b0 DEOPT UNPACKING pc=0x000001f2b4297143 sp=0x00000001006fca60 mode 0
Event: 10.167 Thread 0x000001f2a95367b0 DEOPT PACKING pc=0x000001f2ad70f880 sp=0x00000001006fd5f0
Event: 10.167 Thread 0x000001f2a95367b0 DEOPT UNPACKING pc=0x000001f2b4297143 sp=0x00000001006fca60 mode 0
Event: 10.167 Thread 0x000001f2a95367b0 DEOPT PACKING pc=0x000001f2ad70f880 sp=0x00000001006fd5f0
Event: 10.167 Thread 0x000001f2a95367b0 DEOPT UNPACKING pc=0x000001f2b4297143 sp=0x00000001006fca60 mode 0
Event: 10.167 Thread 0x000001f2a95367b0 DEOPT PACKING pc=0x000001f2ad70f880 sp=0x00000001006fd5f0
Event: 10.167 Thread 0x000001f2a95367b0 DEOPT UNPACKING pc=0x000001f2b4297143 sp=0x00000001006fca60 mode 0
Event: 10.168 Thread 0x000001f2a95367b0 DEOPT PACKING pc=0x000001f2ad70f880 sp=0x00000001006fd5f0
Event: 10.168 Thread 0x000001f2a95367b0 DEOPT UNPACKING pc=0x000001f2b4297143 sp=0x00000001006fca60 mode 0
Event: 10.168 Thread 0x000001f2a95367b0 DEOPT PACKING pc=0x000001f2ad70f880 sp=0x00000001006fd5f0
Event: 10.168 Thread 0x000001f2a95367b0 DEOPT UNPACKING pc=0x000001f2b4297143 sp=0x00000001006fca60 mode 0
Event: 10.168 Thread 0x000001f2a95367b0 DEOPT PACKING pc=0x000001f2ad70f880 sp=0x00000001006fd5f0
Event: 10.168 Thread 0x000001f2a95367b0 DEOPT UNPACKING pc=0x000001f2b4297143 sp=0x00000001006fca60 mode 0
Event: 10.168 Thread 0x000001f2a95367b0 DEOPT PACKING pc=0x000001f2ad70f880 sp=0x00000001006fd5f0
Event: 10.168 Thread 0x000001f2a95367b0 DEOPT UNPACKING pc=0x000001f2b4297143 sp=0x00000001006fca60 mode 0
Event: 10.168 Thread 0x000001f2a95367b0 DEOPT PACKING pc=0x000001f2ad70f880 sp=0x00000001006fd5f0
Event: 10.168 Thread 0x000001f2a95367b0 DEOPT UNPACKING pc=0x000001f2b4297143 sp=0x00000001006fca60 mode 0

Classes loaded (20 events):
Event: 10.200 Loading class sun/security/provider/DSAPublicKeyImpl
Event: 10.200 Loading class sun/security/provider/DSAPublicKey
Event: 10.200 Loading class java/security/interfaces/DSAPublicKey
Event: 10.200 Loading class java/security/interfaces/DSAKey
Event: 10.200 Loading class java/security/interfaces/DSAKey done
Event: 10.200 Loading class java/security/interfaces/DSAPublicKey done
Event: 10.200 Loading class sun/security/provider/DSAPublicKey done
Event: 10.200 Loading class sun/security/provider/DSAPublicKeyImpl done
Event: 10.200 Loading class sun/security/util/IOUtils
Event: 10.201 Loading class sun/security/util/IOUtils done
Event: 10.201 Loading class sun/security/x509/CertificateExtensions
Event: 10.201 Loading class sun/security/x509/CertificateExtensions done
Event: 10.201 Loading class sun/security/x509/Extension
Event: 10.201 Loading class java/security/cert/Extension
Event: 10.201 Loading class java/security/cert/Extension done
Event: 10.201 Loading class sun/security/x509/Extension done
Event: 10.201 Loading class sun/security/x509/OIDMap
Event: 10.201 Loading class sun/security/x509/OIDMap done
Event: 10.201 Loading class sun/security/x509/PKIXExtensions
Event: 10.202 Loading class sun/security/x509/PKIXExtensions done

Classes unloaded (0 events):
No events

Classes redefined (0 events):
No events

Internal exceptions (20 events):
Event: 10.049 Thread 0x000001f2a95367b0 Exception <a 'sun/nio/fs/WindowsException'{0x0000000086824460}> (0x0000000086824460) 
thrown [s\src\hotspot\share\prims\jni.cpp, line 531]
Event: 10.049 Thread 0x000001f2a95367b0 Exception <a 'sun/nio/fs/WindowsException'{0x0000000086824740}> (0x0000000086824740) 
thrown [s\src\hotspot\share\prims\jni.cpp, line 531]
Event: 10.050 Thread 0x000001f2a95367b0 Exception <a 'sun/nio/fs/WindowsException'{0x0000000086829ff8}> (0x0000000086829ff8) 
thrown [s\src\hotspot\share\prims\jni.cpp, line 531]
Event: 10.050 Thread 0x000001f2a95367b0 Exception <a 'sun/nio/fs/WindowsException'{0x000000008682a2d8}> (0x000000008682a2d8) 
thrown [s\src\hotspot\share\prims\jni.cpp, line 531]
Event: 10.053 Thread 0x000001f2a95367b0 Exception <a 'sun/nio/fs/WindowsException'{0x000000008682fcc8}> (0x000000008682fcc8) 
thrown [s\src\hotspot\share\prims\jni.cpp, line 531]
Event: 10.053 Thread 0x000001f2a95367b0 Exception <a 'sun/nio/fs/WindowsException'{0x0000000086830990}> (0x0000000086830990) 
thrown [s\src\hotspot\share\prims\jni.cpp, line 531]
Event: 10.053 Thread 0x000001f2a95367b0 Exception <a 'sun/nio/fs/WindowsException'{0x00000000868331a8}> (0x00000000868331a8) 
thrown [s\src\hotspot\share\prims\jni.cpp, line 531]
Event: 10.053 Thread 0x000001f2a95367b0 Exception <a 'sun/nio/fs/WindowsException'{0x0000000086834628}> (0x0000000086834628) 
thrown [s\src\hotspot\share\prims\jni.cpp, line 531]
Event: 10.053 Thread 0x000001f2a95367b0 Exception <a 'sun/nio/fs/WindowsException'{0x00000000868352a8}> (0x00000000868352a8) 
thrown [s\src\hotspot\share\prims\jni.cpp, line 531]
Event: 10.054 Thread 0x000001f2a95367b0 Exception <a 'sun/nio/fs/WindowsException'{0x0000000086835f30}> (0x0000000086835f30) 
thrown [s\src\hotspot\share\prims\jni.cpp, line 531]
Event: 10.054 Thread 0x000001f2a95367b0 Exception <a 'sun/nio/fs/WindowsException'{0x000000008683a428}> (0x000000008683a428) 
thrown [s\src\hotspot\share\prims\jni.cpp, line 531]
Event: 10.055 Thread 0x000001f2a95367b0 Exception <a 'sun/nio/fs/WindowsException'{0x000000008683bce0}> (0x000000008683bce0) 
thrown [s\src\hotspot\share\prims\jni.cpp, line 531]
Event: 10.055 Thread 0x000001f2a95367b0 Exception <a 'sun/nio/fs/WindowsException'{0x000000008683f1e0}> (0x000000008683f1e0) 
thrown [s\src\hotspot\share\prims\jni.cpp, line 531]
Event: 10.056 Thread 0x000001f2a95367b0 Exception <a 'sun/nio/fs/WindowsException'{0x00000000868412b8}> (0x00000000868412b8) 
thrown [s\src\hotspot\share\prims\jni.cpp, line 531]
Event: 10.056 Thread 0x000001f2a95367b0 Exception <a 'sun/nio/fs/WindowsException'{0x0000000086842708}> (0x0000000086842708) 
thrown [s\src\hotspot\share\prims\jni.cpp, line 531]
Event: 10.057 Thread 0x000001f2a95367b0 Exception <a 'sun/nio/fs/WindowsException'{0x0000000086844b70}> (0x0000000086844b70) 
thrown [s\src\hotspot\share\prims\jni.cpp, line 531]
Event: 10.057 Thread 0x000001f2a95367b0 Exception <a 'sun/nio/fs/WindowsException'{0x0000000086845800}> (0x0000000086845800) 
thrown [s\src\hotspot\share\prims\jni.cpp, line 531]
Event: 10.057 Thread 0x000001f2a95367b0 Exception <a 'sun/nio/fs/WindowsException'{0x0000000086846478}> (0x0000000086846478) 
thrown [s\src\hotspot\share\prims\jni.cpp, line 531]
Event: 10.057 Thread 0x000001f2a95367b0 Exception <a 'sun/nio/fs/WindowsException'{0x00000000868470f8}> (0x00000000868470f8) 
thrown [s\src\hotspot\share\prims\jni.cpp, line 531]
Event: 10.057 Thread 0x000001f2a95367b0 Exception <a 'sun/nio/fs/WindowsException'{0x0000000086847d78}> (0x0000000086847d78) 
thrown [s\src\hotspot\share\prims\jni.cpp, line 531]

VM Operations (20 events):
Event: 7.424 Executing VM operation: HandshakeAllThreads
Event: 7.424 Executing VM operation: HandshakeAllThreads done
Event: 7.866 Executing VM operation: ICBufferFull
Event: 7.866 Executing VM operation: ICBufferFull done
Event: 8.819 Executing VM operation: G1CollectForAllocation
Event: 8.830 Executing VM operation: G1CollectForAllocation done
Event: 9.202 Executing VM operation: ICBufferFull
Event: 9.203 Executing VM operation: ICBufferFull done
Event: 9.966 Executing VM operation: HandshakeAllThreads
Event: 9.966 Executing VM operation: HandshakeAllThreads done
Event: 10.016 Executing VM operation: ICBufferFull
Event: 10.016 Executing VM operation: ICBufferFull done
Event: 10.047 Executing VM operation: HandshakeAllThreads
Event: 10.047 Executing VM operation: HandshakeAllThreads done
Event: 10.052 Executing VM operation: HandshakeAllThreads
Event: 10.052 Executing VM operation: HandshakeAllThreads done
Event: 10.174 Executing VM operation: HandshakeAllThreads
Event: 10.174 Executing VM operation: HandshakeAllThreads done
Event: 10.181 Executing VM operation: HandshakeAllThreads
Event: 10.181 Executing VM operation: HandshakeAllThreads done

Events (20 events):
Event: 0.145 Thread 0x000001f2c3515520 Thread added: 0x000001f2c3515520
Event: 0.182 Loaded shared library C:\Users\dell\.jdks\jbr-17.0.12\bin\instrument.dll
Event: 0.194 Loaded shared library C:\Users\dell\.jdks\jbr-17.0.12\bin\net.dll
Event: 0.195 Loaded shared library C:\Users\dell\.jdks\jbr-17.0.12\bin\nio.dll
Event: 0.199 Loaded shared library C:\Users\dell\.jdks\jbr-17.0.12\bin\zip.dll
Event: 0.245 Loaded shared library C:\Users\dell\AppData\Local\JetBrains\IntelliJ IDEA 2024.3.2\bin\breakgen64.dll
Event: 0.254 Thread 0x000001f2c3915170 Thread added: 0x000001f2c3915170
Event: 0.254 Thread 0x000001f2c39783d0 Thread added: 0x000001f2c39783d0
Event: 0.293 Loaded shared library C:\Users\dell\.jdks\jbr-17.0.12\bin\extnet.dll
Event: 0.591 Thread 0x000001f2c3a78de0 Thread added: 0x000001f2c3a78de0
Event: 0.594 Loaded shared library C:\Users\dell\.jdks\jbr-17.0.12\bin\jimage.dll
Event: 0.617 Thread 0x000001f2c3a78de0 Thread exited: 0x000001f2c3a78de0
Event: 4.274 Loaded shared library C:\Users\dell\AppData\Local\Temp\jansi-2.4.1-35abb3a8166fbab9-jansi.dll
Event: 4.670 Thread 0x000001f2c3bc9d90 Thread added: 0x000001f2c3bc9d90
Event: 5.935 Thread 0x000001f2c3bc9d90 Thread exited: 0x000001f2c3bc9d90
Event: 6.222 Thread 0x000001f3097feaa0 Thread added: 0x000001f3097feaa0
Event: 6.746 Thread 0x000001f309d0e400 Thread added: 0x000001f309d0e400
Event: 8.540 Thread 0x000001f3097feaa0 Thread exited: 0x000001f3097feaa0
Event: 8.784 Thread 0x000001f30a5ddf00 Thread added: 0x000001f30a5ddf00
Event: 10.079 Thread 0x000001f30a81da80 Thread added: 0x000001f30a81da80


Dynamic libraries:
0x00007ff76ca00000 - 0x00007ff76ca0a000 	C:\Users\dell\.jdks\jbr-17.0.12\bin\java.exe
0x00007ff9fe090000 - 0x00007ff9fe2a7000 	C:\WINDOWS\SYSTEM32\ntdll.dll
0x00007ff9fd310000 - 0x00007ff9fd3d4000 	C:\WINDOWS\System32\KERNEL32.DLL
0x00007ff9fb7f0000 - 0x00007ff9fbbc3000 	C:\WINDOWS\System32\KERNELBASE.dll
0x00007ff9cb740000 - 0x00007ff9cb757000 	C:\Users\dell\.jdks\jbr-17.0.12\bin\jli.dll
0x00007ff9fb280000 - 0x00007ff9fb391000 	C:\WINDOWS\System32\ucrtbase.dll
0x00007ff9e6a20000 - 0x00007ff9e6cb8000 	C:\WINDOWS\WinSxS\amd64_microsoft.windows.common-controls_6595b64144ccf1df_6.0.22621.5124_none_270e8f4f7386d69d\COMCTL32.dll
0x00007ff9fd110000 - 0x00007ff9fd2c1000 	C:\WINDOWS\System32\USER32.dll
0x00007ff9efb00000 - 0x00007ff9efb1b000 	C:\Users\dell\.jdks\jbr-17.0.12\bin\VCRUNTIME140.dll
0x00007ff9fcd80000 - 0x00007ff9fce27000 	C:\WINDOWS\System32\msvcrt.dll
0x00007ff9fd2d0000 - 0x00007ff9fd2f9000 	C:\WINDOWS\System32\GDI32.dll
0x00007ff9fb220000 - 0x00007ff9fb246000 	C:\WINDOWS\System32\win32u.dll
0x00007ff9fb6d0000 - 0x00007ff9fb7eb000 	C:\WINDOWS\System32\gdi32full.dll
0x00007ff9fbc90000 - 0x00007ff9fbd2a000 	C:\WINDOWS\System32\msvcp_win.dll
0x00007ff9fd450000 - 0x00007ff9fd481000 	C:\WINDOWS\System32\IMM32.DLL
0x00007ff9efaf0000 - 0x00007ff9efafc000 	C:\Users\dell\.jdks\jbr-17.0.12\bin\vcruntime140_1.dll
0x00007ff9bb240000 - 0x00007ff9bb2cd000 	C:\Users\dell\.jdks\jbr-17.0.12\bin\msvcp140.dll
0x00007ff9b92f0000 - 0x00007ff9b9f7a000 	C:\Users\dell\.jdks\jbr-17.0.12\bin\server\jvm.dll
0x00007ff9fce30000 - 0x00007ff9fcee1000 	C:\WINDOWS\System32\ADVAPI32.dll
0x00007ff9fcb20000 - 0x00007ff9fcbc8000 	C:\WINDOWS\System32\sechost.dll
0x00007ff9fb250000 - 0x00007ff9fb278000 	C:\WINDOWS\System32\bcrypt.dll
0x00007ff9fc010000 - 0x00007ff9fc124000 	C:\WINDOWS\System32\RPCRT4.dll
0x00007ff9fcbd0000 - 0x00007ff9fcc41000 	C:\WINDOWS\System32\WS2_32.dll
0x00007ff9fa020000 - 0x00007ff9fa06d000 	C:\WINDOWS\SYSTEM32\POWRPROF.dll
0x00007ff9f5c00000 - 0x00007ff9f5c34000 	C:\WINDOWS\SYSTEM32\WINMM.dll
0x00007ff9f2b20000 - 0x00007ff9f2b2a000 	C:\WINDOWS\SYSTEM32\VERSION.dll
0x00007ff9fa000000 - 0x00007ff9fa013000 	C:\WINDOWS\SYSTEM32\UMPDC.dll
0x00007ff9fa2c0000 - 0x00007ff9fa2d8000 	C:\WINDOWS\SYSTEM32\kernel.appcore.dll
0x00007ff9cc940000 - 0x00007ff9cc94a000 	C:\Users\dell\.jdks\jbr-17.0.12\bin\jimage.dll
0x00007ff9f8d90000 - 0x00007ff9f8fc2000 	C:\WINDOWS\SYSTEM32\DBGHELP.DLL
0x00007ff9fd5f0000 - 0x00007ff9fd982000 	C:\WINDOWS\System32\combase.dll
0x00007ff9fc9d0000 - 0x00007ff9fcaa7000 	C:\WINDOWS\System32\OLEAUT32.dll
0x00007ff9d7f80000 - 0x00007ff9d7fb2000 	C:\WINDOWS\SYSTEM32\dbgcore.DLL
0x00007ff9fb3a0000 - 0x00007ff9fb41b000 	C:\WINDOWS\System32\bcryptPrimitives.dll
0x00007ff9f6c80000 - 0x00007ff9f6c8e000 	C:\Users\dell\.jdks\jbr-17.0.12\bin\instrument.dll
0x00007ff9c8570000 - 0x00007ff9c8595000 	C:\Users\dell\.jdks\jbr-17.0.12\bin\java.dll
0x00007ff9bb160000 - 0x00007ff9bb237000 	C:\Users\dell\.jdks\jbr-17.0.12\bin\jsvml.dll
0x00007ff9fc130000 - 0x00007ff9fc9c6000 	C:\WINDOWS\System32\SHELL32.dll
0x00007ff9fb420000 - 0x00007ff9fb55f000 	C:\WINDOWS\System32\wintypes.dll
0x00007ff9f90d0000 - 0x00007ff9f99ea000 	C:\WINDOWS\SYSTEM32\windows.storage.dll
0x00007ff9fbd50000 - 0x00007ff9fbe5a000 	C:\WINDOWS\System32\SHCORE.dll
0x00007ff9fd3e0000 - 0x00007ff9fd443000 	C:\WINDOWS\System32\shlwapi.dll
0x00007ff9fb0d0000 - 0x00007ff9fb0fb000 	C:\WINDOWS\SYSTEM32\profapi.dll
0x00007ff9ca3e0000 - 0x00007ff9ca3f8000 	C:\Users\dell\.jdks\jbr-17.0.12\bin\zip.dll
0x00007ff9c8ac0000 - 0x00007ff9c8ad9000 	C:\Users\dell\.jdks\jbr-17.0.12\bin\net.dll
0x00007ff9f5980000 - 0x00007ff9f5aac000 	C:\WINDOWS\SYSTEM32\WINHTTP.dll
0x00007ff9fa740000 - 0x00007ff9fa7aa000 	C:\WINDOWS\system32\mswsock.dll
0x00007ff9c84b0000 - 0x00007ff9c84c6000 	C:\Users\dell\.jdks\jbr-17.0.12\bin\nio.dll
0x00007ff9f5d60000 - 0x00007ff9f5d7a000 	C:\Users\dell\AppData\Local\JetBrains\IntelliJ IDEA 2024.3.2\bin\breakgen64.dll
0x00007ff9cb410000 - 0x00007ff9cb419000 	C:\Users\dell\.jdks\jbr-17.0.12\bin\extnet.dll
0x00007ff9d8f50000 - 0x00007ff9d8f74000 	C:\Users\dell\AppData\Local\Temp\jansi-2.4.1-35abb3a8166fbab9-jansi.dll
0x00007ff9f6c90000 - 0x00007ff9f6ca0000 	C:\Users\dell\.jdks\jbr-17.0.12\bin\verify.dll

dbghelp: loaded successfully - version: 4.0.5 - missing functions: none
symbol engine: initialized successfully - sym options: 0x614 - pdb path: .;C:\Users\dell\.jdks\jbr-17.0.12\bin;C:\WINDOWS\SYSTEM32;C:\WINDOWS\WinSxS\amd64_microsoft.windows.common-controls_6595b64144ccf1df_6.0.22621.5124_none_270e8f4f7386d69d;C:\Users\dell\.jdks\jbr-17.0.12\bin\server;C:\Users\dell\AppData\Local\JetBrains\IntelliJ IDEA 2024.3.2\bin;C:\Users\dell\AppData\Local\Temp

VM Arguments:
jvm_args: -Dmaven.multiModuleProjectDirectory=C:\Users\dell\OneDrive\Bureau\gradaway -Djansi.passthrough=true -Dmaven.home=C:\Users\dell\AppData\Local\JetBrains\IntelliJ IDEA 2024.3.2\plugins\maven\lib\maven3 -Dclassworlds.conf=C:\Users\dell\AppData\Local\JetBrains\IntelliJ IDEA 2024.3.2\plugins\maven\lib\maven3\bin\m2.conf -Dmaven.ext.class.path=C:\Users\dell\AppData\Local\JetBrains\IntelliJ IDEA 2024.3.2\plugins\maven\lib\maven-event-listener.jar -javaagent:C:\Users\dell\AppData\Local\JetBrains\IntelliJ IDEA 2024.3.2\lib\idea_rt.jar=49250:C:\Users\dell\AppData\Local\JetBrains\IntelliJ IDEA 2024.3.2\bin -Dfile.encoding=UTF-8 
java_command: org.codehaus.classworlds.Launcher -Didea.version=2024.3.2 javafx:run
java_class_path (initial): C:\Users\dell\AppData\Local\JetBrains\IntelliJ IDEA 2024.3.2\plugins\maven\lib\maven3\boot\plexus-classworlds-2.8.0.jar;C:\Users\dell\AppData\Local\JetBrains\IntelliJ IDEA 2024.3.2\plugins\maven\lib\maven3\boot\plexus-classworlds.license
Launcher Type: SUN_STANDARD

[Global flags]
     intx CICompilerCount                          = 4                                         {product} {ergonomic}
     uint ConcGCThreads                            = 2                                         {product} {ergonomic}
     uint G1ConcRefinementThreads                  = 8                                         {product} {ergonomic}
   size_t G1HeapRegionSize                         = 1048576                                   {product} {ergonomic}
    uintx GCDrainStackTargetSize                   = 64                                        {product} {ergonomic}
   size_t InitialHeapSize                          = 132120576                                 {product} {ergonomic}
   size_t MarkStackSize                            = 4194304                                   {product} {ergonomic}
   size_t MaxHeapSize                              = 2113929216                                {product} {ergonomic}
   size_t MaxNewSize                               = 1267728384                                {product} {ergonomic}
   size_t MinHeapDeltaBytes                        = 1048576                                   {product} {ergonomic}
   size_t MinHeapSize                              = 8388608                                   {product} {ergonomic}
    uintx NonNMethodCodeHeapSize                   = 5839372                                {pd product} {ergonomic}
    uintx NonProfiledCodeHeapSize                  = 122909434                              {pd product} {ergonomic}
    uintx ProfiledCodeHeapSize                     = 122909434                              {pd product} {ergonomic}
    uintx ReservedCodeCacheSize                    = 251658240                              {pd product} {ergonomic}
     bool SegmentedCodeCache                       = true                                      {product} {ergonomic}
   size_t SoftMaxHeapSize                          = 2113929216                             {manageable} {ergonomic}
     bool UseCompressedClassPointers               = true                           {product lp64_product} {ergonomic}
     bool UseCompressedOops                        = true                           {product lp64_product} {ergonomic}
     bool UseG1GC                                  = true                                      {product} {ergonomic}
     bool UseLargePagesIndividualAllocation        = false                                  {pd product} {ergonomic}

Logging:
Log output configuration:
 #0: stdout all=warning uptime,level,tags
 #1: stderr all=off uptime,level,tags

Environment Variables:
PATH=C:\Users\dell\.jdks\jbr-17.0.12\bin;C:\Program Files (x86)\VMware\VMware Workstation\bin\;C:\oraclexe\app\oracle\product\11.2.0\server\bin;C:\WINDOWS\system32;C:\WINDOWS;C:\WINDOWS\System32\Wbem;C:\WINDOWS\System32\WindowsPowerShell\v1.0\;C:\WINDOWS\System32\OpenSSH\;C:\Program Files\Git\cmd;C:\Users\dell\AppData\Local\Programs\Python\Launcher\;C:\Users\dell\AppData\Local\Microsoft\WindowsApps;;C:\Users\dell\AppData\Local\Programs\Microsoft VS Code\bin;E:\cursor\resources\app\bin
USERNAME=dell
OS=Windows_NT
PROCESSOR_IDENTIFIER=Intel64 Family 6 Model 142 Stepping 10, GenuineIntel
TMP=C:\Users\dell\AppData\Local\Temp
TEMP=C:\Users\dell\AppData\Local\Temp



Periodic native trim disabled

JNI global refs:
JNI global refs: 15, weak refs: 0

JNI global refs memory usage: 843, weak refs: 841

Process memory usage:
Resident Set Size: 209388K (2% of 8250432K total physical memory with 690272K free physical memory)

OOME stack traces (most recent first):
Classloader memory used:
Loader org.codehaus.plexus.classworlds.realm.ClassRealm                                : 1843K
Loader bootstrap                                                                       : 850K
Loader jdk.internal.loader.ClassLoaders$AppClassLoader                                 : 31494B
Loader org.eclipse.sisu.space.CloningClassSpace$CloningClassLoader                     : 10420B
Loader jdk.internal.loader.ClassLoaders$PlatformClassLoader                            : 8876B
Loader jdk.internal.reflect.DelegatingClassLoader                                      : 7457B

Classes loaded by more than one classloader:
Class org.codehaus.plexus.util.MatchPatterns                                          : loaded 3 times (x 73B)
Class org.sonatype.plexus.components.sec.dispatcher.DefaultSecDispatcher              : loaded 2 times (x 81B)
Class org.codehaus.plexus.util.DirectoryScanner                                       : loaded 2 times (x 113B)
Class org.codehaus.plexus.interpolation.BasicInterpolator                             : loaded 2 times (x 68B)
Class org.codehaus.plexus.languages.java.jpms.ResolvePathResult                       : loaded 2 times (x 74B)
Class org.codehaus.plexus.languages.java.jpms.LocationManager                         : loaded 2 times (x 72B)
Class org.codehaus.plexus.util.Scanner                                                : loaded 2 times (x 68B)
Class org.sonatype.plexus.components.cipher.PlexusCipherException                     : loaded 2 times (x 80B)
Class [Lorg.codehaus.plexus.util.MatchPattern;                                        : loaded 2 times (x 67B)
Class org.codehaus.plexus.interpolation.ValueSource                                   : loaded 2 times (x 68B)
Class org.codehaus.plexus.util.AbstractScanner                                        : loaded 2 times (x 98B)
Class org.codehaus.plexus.util.MatchPattern                                           : loaded 2 times (x 76B)
Class org.codehaus.plexus.languages.java.jpms.ResolvePathsRequest                     : loaded 2 times (x 80B)
Class org.codehaus.plexus.languages.java.jpms.JavaModuleDescriptor                    : loaded 2 times (x 76B)
Class org.codehaus.plexus.interpolation.RecursionInterceptor                          : loaded 2 times (x 68B)
Class org.apache.maven.shared.utils.logging.MessageBuilder                            : loaded 2 times (x 68B)
Class org.codehaus.plexus.languages.java.jpms.SourceModuleInfoParser                  : loaded 2 times (x 70B)
Class org.sonatype.plexus.components.sec.dispatcher.model.SettingsSecurity            : loaded 2 times (x 80B)
Class org.sonatype.plexus.components.cipher.PlexusCipher                              : loaded 2 times (x 68B)
Class org.sonatype.plexus.components.sec.dispatcher.SecDispatcher                     : loaded 2 times (x 68B)
Class org.codehaus.plexus.interpolation.PropertiesBasedValueSource                    : loaded 2 times (x 80B)
Class org.codehaus.plexus.interpolation.AbstractValueSource                           : loaded 2 times (x 80B)
Class org.sonatype.plexus.components.sec.dispatcher.SecDispatcherException            : loaded 2 times (x 80B)
Class org.sonatype.plexus.components.cipher.DefaultPlexusCipher                       : loaded 2 times (x 91B)
Class org.codehaus.plexus.util.Os                                                     : loaded 2 times (x 75B)
Class org.codehaus.plexus.languages.java.jpms.ModuleInfoParser                        : loaded 2 times (x 68B)
Class org.codehaus.plexus.util.SelectorUtils                                          : loaded 2 times (x 69B)
Class org.codehaus.plexus.util.StringUtils                                            : loaded 2 times (x 69B)
Class org.codehaus.plexus.languages.java.jpms.ManifestModuleNameExtractor             : loaded 2 times (x 73B)
Class org.codehaus.plexus.languages.java.jpms.ResolvePathRequest                      : loaded 2 times (x 74B)
Class org.codehaus.plexus.languages.java.jpms.ResolvePathsResult                      : loaded 2 times (x 80B)
Class org.codehaus.plexus.util.cli.CommandLineException                               : loaded 2 times (x 80B)
Class org.sonatype.plexus.components.cipher.PBECipher                                 : loaded 2 times (x 72B)
Class org.codehaus.plexus.interpolation.Interpolator                                  : loaded 2 times (x 68B)
Class org.codehaus.plexus.languages.java.jpms.ModuleNameExtractor                     : loaded 2 times (x 68B)


---------------  S Y S T E M  ---------------

OS:
 Windows 11 , 64 bit Build 22621 (10.0.22621.5124)
OS uptime: 0 days 11:57 hours

CPU: total 8 (initial active 8) (4 cores per cpu, 2 threads per core) family 6 model 142 stepping 10 microcode 0xe0, cx8, cmov, fxsr, ht, mmx, 3dnowpref, sse, sse2, sse3, ssse3, sse4.1, sse4.2, popcnt, lzcnt, tsc, tscinvbit, avx, avx2, aes, erms, clmul, bmi1, bmi2, adx, fma, vzeroupper, clflush, clflushopt
Processor Information for all 8 processors :
  Max Mhz: 1800, Current Mhz: 1600, Mhz Limit: 1584

Memory: 4k page, system-wide physical 8057M (674M free)
TotalPageFile size 32633M (AvailPageFile size 26M)
current process WorkingSet (physical memory assigned to process): 204M, peak: 224M
current process commit charge ("private bytes"): 265M, peak: 292M

vm_info: OpenJDK 64-Bit Server VM (17.0.12+1-b1207.37) for windows-amd64 JRE (17.0.12+1-b1207.37), built on 2024-09-25 by "builduser" with MS VC++ 16.10 / 16.11 (VS2019)

END.
